root - INFO - SUCCESS: Read csv file
root - INFO - TEST: Testing import_data: SUCCESS
root - INFO - SUCCESS: Read csv file
root - INFO - -----START EDA-----
root - INFO - SUCCESS: Shape of df (10127, 22)
root - INFO - SUCCESS: Null count 
Unnamed: 0                  0
CLIENTNUM                   0
Attrition_Flag              0
Customer_Age                0
Gender                      0
Dependent_count             0
Education_Level             0
Marital_Status              0
Income_Category             0
Card_Category               0
Months_on_book              0
Total_Relationship_Count    0
Months_Inactive_12_mon      0
Contacts_Count_12_mon       0
Credit_Limit                0
Total_Revolving_Bal         0
Avg_Open_To_Buy             0
Total_Amt_Chng_Q4_Q1        0
Total_Trans_Amt             0
Total_Trans_Ct              0
Total_Ct_Chng_Q4_Q1         0
Avg_Utilization_Ratio       0
dtype: int64
root - INFO - SUCCESS: Describe df 
         Unnamed: 0     CLIENTNUM  Customer_Age  Dependent_count  Months_on_book  ...  Total_Amt_Chng_Q4_Q1  Total_Trans_Amt  Total_Trans_Ct  Total_Ct_Chng_Q4_Q1  Avg_Utilization_Ratio
count  10127.000000  1.012700e+04  10127.000000     10127.000000    10127.000000  ...          10127.000000     10127.000000    10127.000000         10127.000000           10127.000000
mean    5063.000000  7.391776e+08     46.325960         2.346203       35.928409  ...              0.759941      4404.086304       64.858695             0.712222               0.274894
std     2923.557422  3.690378e+07      8.016814         1.298908        7.986416  ...              0.219207      3397.129254       23.472570             0.238086               0.275691
min        0.000000  7.080821e+08     26.000000         0.000000       13.000000  ...              0.000000       510.000000       10.000000             0.000000               0.000000
25%     2531.500000  7.130368e+08     41.000000         1.000000       31.000000  ...              0.631000      2155.500000       45.000000             0.582000               0.023000
50%     5063.000000  7.179264e+08     46.000000         2.000000       36.000000  ...              0.736000      3899.000000       67.000000             0.702000               0.176000
75%     7594.500000  7.731435e+08     52.000000         3.000000       40.000000  ...              0.859000      4741.000000       81.000000             0.818000               0.503000
max    10126.000000  8.283431e+08     73.000000         5.000000       56.000000  ...              3.397000     18484.000000      139.000000             3.714000               0.999000

[8 rows x 16 columns]
root - INFO - SUCCESS: Save plots to ./images/eda
root - INFO - -----FINISH EDA-----
root - INFO - TEST: Testing perform_eda: SUCCESS
root - INFO - SUCCESS: Read csv file
root - INFO - -----START EDA-----
root - INFO - SUCCESS: Shape of df (10127, 22)
root - INFO - SUCCESS: Null count 
Unnamed: 0                  0
CLIENTNUM                   0
Attrition_Flag              0
Customer_Age                0
Gender                      0
Dependent_count             0
Education_Level             0
Marital_Status              0
Income_Category             0
Card_Category               0
Months_on_book              0
Total_Relationship_Count    0
Months_Inactive_12_mon      0
Contacts_Count_12_mon       0
Credit_Limit                0
Total_Revolving_Bal         0
Avg_Open_To_Buy             0
Total_Amt_Chng_Q4_Q1        0
Total_Trans_Amt             0
Total_Trans_Ct              0
Total_Ct_Chng_Q4_Q1         0
Avg_Utilization_Ratio       0
dtype: int64
root - INFO - SUCCESS: Describe df 
         Unnamed: 0     CLIENTNUM  Customer_Age  Dependent_count  Months_on_book  ...  Total_Amt_Chng_Q4_Q1  Total_Trans_Amt  Total_Trans_Ct  Total_Ct_Chng_Q4_Q1  Avg_Utilization_Ratio
count  10127.000000  1.012700e+04  10127.000000     10127.000000    10127.000000  ...          10127.000000     10127.000000    10127.000000         10127.000000           10127.000000
mean    5063.000000  7.391776e+08     46.325960         2.346203       35.928409  ...              0.759941      4404.086304       64.858695             0.712222               0.274894
std     2923.557422  3.690378e+07      8.016814         1.298908        7.986416  ...              0.219207      3397.129254       23.472570             0.238086               0.275691
min        0.000000  7.080821e+08     26.000000         0.000000       13.000000  ...              0.000000       510.000000       10.000000             0.000000               0.000000
25%     2531.500000  7.130368e+08     41.000000         1.000000       31.000000  ...              0.631000      2155.500000       45.000000             0.582000               0.023000
50%     5063.000000  7.179264e+08     46.000000         2.000000       36.000000  ...              0.736000      3899.000000       67.000000             0.702000               0.176000
75%     7594.500000  7.731435e+08     52.000000         3.000000       40.000000  ...              0.859000      4741.000000       81.000000             0.818000               0.503000
max    10126.000000  8.283431e+08     73.000000         5.000000       56.000000  ...              3.397000     18484.000000      139.000000             3.714000               0.999000

[8 rows x 16 columns]
root - INFO - SUCCESS: Save plots to ./images/eda
root - INFO - -----FINISH EDA-----
root - INFO - -----START ENCODE CATEGORY FEATURE-----
root - INFO - SUCCESS: Encode categorical features ['Gender', 'Education_Level', 'Marital_Status', 'Income_Category', 'Card_Category']
root - INFO - -----FINISH ENCODE CATEGORY FEATURE-----
root - INFO - TEST: Testing encoder_helper: SUCCESS
root - INFO - SUCCESS: Read csv file
root - INFO - -----START EDA-----
root - INFO - SUCCESS: Shape of df (10127, 22)
root - INFO - SUCCESS: Null count 
Unnamed: 0                  0
CLIENTNUM                   0
Attrition_Flag              0
Customer_Age                0
Gender                      0
Dependent_count             0
Education_Level             0
Marital_Status              0
Income_Category             0
Card_Category               0
Months_on_book              0
Total_Relationship_Count    0
Months_Inactive_12_mon      0
Contacts_Count_12_mon       0
Credit_Limit                0
Total_Revolving_Bal         0
Avg_Open_To_Buy             0
Total_Amt_Chng_Q4_Q1        0
Total_Trans_Amt             0
Total_Trans_Ct              0
Total_Ct_Chng_Q4_Q1         0
Avg_Utilization_Ratio       0
dtype: int64
root - INFO - SUCCESS: Describe df 
         Unnamed: 0     CLIENTNUM  Customer_Age  Dependent_count  Months_on_book  ...  Total_Amt_Chng_Q4_Q1  Total_Trans_Amt  Total_Trans_Ct  Total_Ct_Chng_Q4_Q1  Avg_Utilization_Ratio
count  10127.000000  1.012700e+04  10127.000000     10127.000000    10127.000000  ...          10127.000000     10127.000000    10127.000000         10127.000000           10127.000000
mean    5063.000000  7.391776e+08     46.325960         2.346203       35.928409  ...              0.759941      4404.086304       64.858695             0.712222               0.274894
std     2923.557422  3.690378e+07      8.016814         1.298908        7.986416  ...              0.219207      3397.129254       23.472570             0.238086               0.275691
min        0.000000  7.080821e+08     26.000000         0.000000       13.000000  ...              0.000000       510.000000       10.000000             0.000000               0.000000
25%     2531.500000  7.130368e+08     41.000000         1.000000       31.000000  ...              0.631000      2155.500000       45.000000             0.582000               0.023000
50%     5063.000000  7.179264e+08     46.000000         2.000000       36.000000  ...              0.736000      3899.000000       67.000000             0.702000               0.176000
75%     7594.500000  7.731435e+08     52.000000         3.000000       40.000000  ...              0.859000      4741.000000       81.000000             0.818000               0.503000
max    10126.000000  8.283431e+08     73.000000         5.000000       56.000000  ...              3.397000     18484.000000      139.000000             3.714000               0.999000

[8 rows x 16 columns]
root - INFO - SUCCESS: Save plots to ./images/eda
root - INFO - -----FINISH EDA-----
root - INFO - -----START ENCODE CATEGORY FEATURE-----
root - INFO - SUCCESS: Encode categorical features ['Gender', 'Education_Level', 'Marital_Status', 'Income_Category', 'Card_Category']
root - INFO - -----FINISH ENCODE CATEGORY FEATURE-----
root - INFO - -----START FEATURE ENGINEER-----
root - INFO - -----FINISH FEATURE ENGINEER-----
root - INFO - TEST: Testing perform_feature_engineering: SUCCESS
root - INFO - SUCCESS: Read csv file
root - INFO - -----START EDA-----
root - INFO - SUCCESS: Shape of df (10127, 22)
root - INFO - SUCCESS: Null count 
Unnamed: 0                  0
CLIENTNUM                   0
Attrition_Flag              0
Customer_Age                0
Gender                      0
Dependent_count             0
Education_Level             0
Marital_Status              0
Income_Category             0
Card_Category               0
Months_on_book              0
Total_Relationship_Count    0
Months_Inactive_12_mon      0
Contacts_Count_12_mon       0
Credit_Limit                0
Total_Revolving_Bal         0
Avg_Open_To_Buy             0
Total_Amt_Chng_Q4_Q1        0
Total_Trans_Amt             0
Total_Trans_Ct              0
Total_Ct_Chng_Q4_Q1         0
Avg_Utilization_Ratio       0
dtype: int64
root - INFO - SUCCESS: Describe df 
         Unnamed: 0     CLIENTNUM  Customer_Age  Dependent_count  Months_on_book  ...  Total_Amt_Chng_Q4_Q1  Total_Trans_Amt  Total_Trans_Ct  Total_Ct_Chng_Q4_Q1  Avg_Utilization_Ratio
count  10127.000000  1.012700e+04  10127.000000     10127.000000    10127.000000  ...          10127.000000     10127.000000    10127.000000         10127.000000           10127.000000
mean    5063.000000  7.391776e+08     46.325960         2.346203       35.928409  ...              0.759941      4404.086304       64.858695             0.712222               0.274894
std     2923.557422  3.690378e+07      8.016814         1.298908        7.986416  ...              0.219207      3397.129254       23.472570             0.238086               0.275691
min        0.000000  7.080821e+08     26.000000         0.000000       13.000000  ...              0.000000       510.000000       10.000000             0.000000               0.000000
25%     2531.500000  7.130368e+08     41.000000         1.000000       31.000000  ...              0.631000      2155.500000       45.000000             0.582000               0.023000
50%     5063.000000  7.179264e+08     46.000000         2.000000       36.000000  ...              0.736000      3899.000000       67.000000             0.702000               0.176000
75%     7594.500000  7.731435e+08     52.000000         3.000000       40.000000  ...              0.859000      4741.000000       81.000000             0.818000               0.503000
max    10126.000000  8.283431e+08     73.000000         5.000000       56.000000  ...              3.397000     18484.000000      139.000000             3.714000               0.999000

[8 rows x 16 columns]
root - INFO - SUCCESS: Save plots to ./images/eda
root - INFO - -----FINISH EDA-----
root - INFO - -----START ENCODE CATEGORY FEATURE-----
root - INFO - SUCCESS: Encode categorical features ['Gender', 'Education_Level', 'Marital_Status', 'Income_Category', 'Card_Category']
root - INFO - -----FINISH ENCODE CATEGORY FEATURE-----
root - INFO - -----START FEATURE ENGINEER-----
root - INFO - -----FINISH FEATURE ENGINEER-----
root - INFO - -----START TRAINING MODELS-----
root - INFO - SUCCESS: Create random forest model
root - INFO - SUCCESS: Create logistic regression model
root - INFO - Training models...
root - INFO - SUCCESS: Train models completed
root - INFO - SUCCESS: Save classification reports to ./images/train
root - INFO - SUCCESS: Save roc-curves plot to ./images/train
root - INFO - SUCCESS: Save feature importance plot to ./images/train
root - INFO - SUCCESS: Save best models to ./models
root - INFO - SUCCESS: Save SAHP values plot to ./images/train
root - INFO - -----FINISH TRAINING MODELS-----
root - INFO - TEST: Testing train_models: SUCCESS
